[Mon Sep 26 21:16:43 2016] [19382:info] GRU: removing /var/lib/openqa/factory/iso/whocares.iso
[Mon Sep 26 21:16:43 2016] [websockets:debug] [DBIx debug] Took 0.00216508 seconds executed: UPDATE workers ...
[Mon Sep 26 21:16:43 2016] [19382:error] Asset iso/foo.iso is not in any job group, DELETE from assets where id=1;
[Mon Sep 26 21:16:43 2016] [19382:error] File iso/bar.iso is not a registered asset
[Mon Sep 26 21:16:43 2016] [websockets:debug] [DBIx debug] Took 0.00111699 seconds executed: SELECT me.id...
[Mon Sep 26 21:16:43 2016] [websockets:debug] [DBIx debug] Took 0.00284100 seconds executed: UPDATE workers ...
[Mon Sep 26 21:16:43 2016] [scheduler:debug] [DBIx debug] Took 0.29394507 seconds executed: SELECT me.id...
[Mon Sep 26 21:16:43 2016] [scheduler:debug] IPC calling job_grab
[Mon Sep 26 21:16:46 2016] [19382:error] Directory repo/baz.license is not a registered asset
[Mon Sep 26 21:17:27 2016] [30003:error] MISSING S:scheduled R:none
[Mon Sep 26 21:22:24 2016] [19382:info] GRU: removing /var/lib/openqa/factory/iso/waeva.iso
more output that is not properly prefixed
[Thu Oct  6 01:15:54 2016] [27316:debug] dispatching IPC job_grab to scheduler: [
  {
    blocking   => 0,
    workercaps => {
                    cpu_arch      => "aarch64",
                    cpu_modelname => undef,
                    cpu_opmode    => undef,
                    mem_max       => 130802,
                  },
    workerid   => 233,
    workerip   => "2620:113:80c0:8000:10:161:32:34",
  },
]

[Thu Oct  6 14:16:09 2016] [27863:debug] looking for bless({
  path => "/var/lib/openqa/testresults/00602401-sle-12-SP2-Server-DVD-x86_64-Build2160-migration_zdup_offline_sle12_ga_allpatterns\@64bit/.thumbs/reboot_gnome
-12.png",
}, "Mojo::Asset::File") in [
  "/var/lib/openqa/testresults/00602401-sle-12-SP2-Server-DVD-x86_64-Build2160-migration_zdup_offline_sle12_ga_allpatterns\@64bit",
  "/var/lib/openqa/testresults/00602401-sle-12-SP2-Server-DVD-x86_64-Build2160-migration_zdup_offline_sle12_ga_allpatterns\@64bit/ulogs",
]
[Wed Oct 19 02:10:12 2016] [4608:warn] 619442 got a status update but has no worker. huh?
[Wed Oct 19 03:09:37 2016] [8980:warn] 619391 got an artefact but has no worker. huh?
[Thu Dec  1 12:41:26 2016] [25660:warn] Asset repo/SLE-12-SP3-SDK-POOL-s390x-Build0052-Media1 is not in any job group, will delete in 11 days
[Thu Dec  5 12:41:26 2016] [1719:warn] AMQP connection error: Connect timeout
[Thu Dec  5 12:41:26 2016] [websockets:warn] dead job 813295 aborted and duplicated 813306
[Thu Dec  5 12:41:26 2016] [1719:warn] Error sending AMQP event: Channel is not open
[Mon Mar 27 10:12:33 2017] [25898:warn] AMQP connection closed
[Mon Mar 27 05:22:16 2017] [21257:warn] Error on AMQP channel received: Failed closing channel: Unknown channel id received: 1
[Tue Mar 28 07:09:40 2017] [31798:warn] no products found, retrying version wildcard
[Wed Mar 29 11:25:38 2017] [14008:warn] START_AFTER_TEST=RAID0:ppc64le not found - check for typos and dependency cycles
[Wed Mar 29 11:25:38 2017] [14008:warn] FOOBAR=RAID0:ppc64le not found - check for typos and dependency cycles
[Tue May 30 06:10:09 2017] [websockets:error] Worker not found for given connection during connection close
[Thu Jun  8 15:01:28 2017] [15550:warn] AMQP connection error: SSL connect attempt failed with unknown error
[Sun Jun 11 00:09:19 2017] [18666:warn] can't remove d81/349/2cab90e04faac6f7a112c5ed90.png
[Sun Jun 11 00:34:56 2017] [scheduler:warn] openqaworker5:20 wants to grab a new job - killing the old one: 993795
[Mon Jun 12 07:33:15 2017] [websockets:error] Unknown property received from worker 523
[Tue Jun 13 10:04:30 2017] [websockets:warn] dead job 997744 aborted as incomplete
[Fri Jul  7 04:50:50 2017] [10709:error] Failed to login: OpenID provider returned invalid data. Please retry again
